# JRE version: Java(TM) SE Runtime Environment (17.0.5+9) (build 17.0.5+9-LTS-191)
# Java VM: Java HotSpot(TM) 64-Bit Server VM (17.0.5+9-LTS-191, mixed mode, sharing, tiered, compressed oops, compressed class ptrs, g1 gc, windows-amd64)
GC Precious Log:
 CPUs: 8 total, 8 available
 Memory: 7969M
 Large Page Support: Disabled
 NUMA Support: Disabled
 Compressed Oops: Enabled (32-bit)
 Heap Region Size: 1M
 Heap Min Capacity: 8M
 Heap Initial Capacity: 126M
 Heap Max Capacity: 1994M
 Pre-touch: Disabled
 Parallel Workers: 8
 Concurrent Workers: 2
 Concurrent Refinement Workers: 8
 Periodic GC: Disabled
Heap:
 garbage-first heap   total 65536K, used 43506K [0x0000000083600000, 0x0000000100000000)
  region size 1024K, 16 young (16384K), 2 survivors (2048K)
 Metaspace       used 44743K, committed 45056K, reserved 1089536K
  class space    used 5921K, committed 6080K, reserved 1048576K
GC Heap History (14 events):
Event: 2.076 GC heap before
{Heap before GC invocations=0 (full 0):
 garbage-first heap   total 129024K, used 31744K [0x0000000083600000, 0x0000000100000000)
  region size 1024K, 23 young (23552K), 0 survivors (0K)
 Metaspace       used 14870K, committed 15168K, reserved 1064960K
  class space    used 1784K, committed 1920K, reserved 1048576K
}
Event: 2.081 GC heap after
{Heap after GC invocations=1 (full 0):
 garbage-first heap   total 129024K, used 16548K [0x0000000083600000, 0x0000000100000000)
  region size 1024K, 3 young (3072K), 3 survivors (3072K)
 Metaspace       used 14870K, committed 15168K, reserved 1064960K
  class space    used 1784K, committed 1920K, reserved 1048576K
}
Event: 2.477 GC heap before
{Heap before GC invocations=1 (full 0):
 garbage-first heap   total 129024K, used 31908K [0x0000000083600000, 0x0000000100000000)
  region size 1024K, 19 young (19456K), 3 survivors (3072K)
 Metaspace       used 19992K, committed 20224K, reserved 1073152K
  class space    used 2520K, committed 2624K, reserved 1048576K
}
Event: 2.481 GC heap after
{Heap after GC invocations=2 (full 0):
 garbage-first heap   total 129024K, used 18174K [0x0000000083600000, 0x0000000100000000)
  region size 1024K, 2 young (2048K), 2 survivors (2048K)
 Metaspace       used 19992K, committed 20224K, reserved 1073152K
  class space    used 2520K, committed 2624K, reserved 1048576K
}
Event: 2.561 GC heap before
{Heap before GC invocations=2 (full 0):
 garbage-first heap   total 129024K, used 20222K [0x0000000083600000, 0x0000000100000000)
  region size 1024K, 5 young (5120K), 2 survivors (2048K)
 Metaspace       used 21204K, committed 21504K, reserved 1073152K
  class space    used 2640K, committed 2816K, reserved 1048576K
}
Event: 2.563 GC heap after
{Heap after GC invocations=3 (full 0):
 garbage-first heap   total 129024K, used 18195K [0x0000000083600000, 0x0000000100000000)
  region size 1024K, 2 young (2048K), 2 survivors (2048K)
 Metaspace       used 21204K, committed 21504K, reserved 1073152K
  class space    used 2640K, committed 2816K, reserved 1048576K
}
Event: 3.423 GC heap before
{Heap before GC invocations=4 (full 0):
 garbage-first heap   total 65536K, used 49939K [0x0000000083600000, 0x0000000100000000)
  region size 1024K, 34 young (34816K), 2 survivors (2048K)
 Metaspace       used 33886K, committed 34176K, reserved 1081344K
  class space    used 4322K, committed 4480K, reserved 1048576K
}
Event: 3.426 GC heap after
{Heap after GC invocations=5 (full 0):
 garbage-first heap   total 65536K, used 20533K [0x0000000083600000, 0x0000000100000000)
  region size 1024K, 5 young (5120K), 5 survivors (5120K)
 Metaspace       used 33886K, committed 34176K, reserved 1081344K
  class space    used 4322K, committed 4480K, reserved 1048576K
}
Event: 3.451 GC heap before
{Heap before GC invocations=5 (full 0):
 garbage-first heap   total 65536K, used 21557K [0x0000000083600000, 0x0000000100000000)
  region size 1024K, 6 young (6144K), 5 survivors (5120K)
 Metaspace       used 34169K, committed 34432K, reserved 1081344K
  class space    used 4373K, committed 4480K, reserved 1048576K
}
Event: 3.455 GC heap after
{Heap after GC invocations=6 (full 0):
 garbage-first heap   total 65536K, used 20891K [0x0000000083600000, 0x0000000100000000)
  region size 1024K, 1 young (1024K), 1 survivors (1024K)
 Metaspace       used 34169K, committed 34432K, reserved 1081344K
  class space    used 4373K, committed 4480K, reserved 1048576K
}
Event: 3.610 GC heap before
{Heap before GC invocations=6 (full 0):
 garbage-first heap   total 65536K, used 26011K [0x0000000083600000, 0x0000000100000000)
  region size 1024K, 8 young (8192K), 1 survivors (1024K)
 Metaspace       used 35808K, committed 36096K, reserved 1081344K
  class space    used 4712K, committed 4864K, reserved 1048576K
}
Event: 3.611 GC heap after
{Heap after GC invocations=7 (full 0):
 garbage-first heap   total 65536K, used 20737K [0x0000000083600000, 0x0000000100000000)
  region size 1024K, 1 young (1024K), 1 survivors (1024K)
 Metaspace       used 35808K, committed 36096K, reserved 1081344K
  class space    used 4712K, committed 4864K, reserved 1048576K
}
Event: 4.082 GC heap before
{Heap before GC invocations=8 (full 0):
 garbage-first heap   total 65536K, used 45313K [0x0000000083600000, 0x0000000100000000)
  region size 1024K, 26 young (26624K), 1 survivors (1024K)
 Metaspace       used 41119K, committed 41408K, reserved 1089536K
  class space    used 5445K, committed 5568K, reserved 1048576K
}
Event: 4.085 GC heap after
{Heap after GC invocations=9 (full 0):
 garbage-first heap   total 65536K, used 22002K [0x0000000083600000, 0x0000000100000000)
  region size 1024K, 2 young (2048K), 2 survivors (2048K)
 Metaspace       used 41119K, committed 41408K, reserved 1089536K
  class space    used 5445K, committed 5568K, reserved 1048576K
}

